<?xml version="1.0" encoding="UTF-8"?>
<Site BuildName="Win32-mingw32-make"
	BuildStamp="20240307-1812-Experimental"
	Name="Harrys-Hub"
	Generator="ctest-3.29.0-rc3"
	CompilerName="c:/mingw64/bin/g++.exe"
	CompilerVersion="13.1.0"
	OSName="Windows"
	Hostname="NCC-1701-D"
	OSRelease=" Professional"
	OSVersion=" (Build 22621)"
	OSPlatform="AMD64"
	Is64Bits="1"
	VendorString="GenuineIntel"
	VendorID="Intel Corporation"
	FamilyID="6"
	ModelID="12"
	ProcessorCacheSize="-1"
	NumberOfLogicalCPU="8"
	NumberOfPhysicalCPU="4"
	TotalVirtualMemory="20821"
	TotalPhysicalMemory="16226"
	LogicalProcessorsPerPhysical="2"
	ProcessorClockFrequency="2803"
	>
	<Testing>
		<StartDateTime>Mar 07 11:17 Mountain Standard Time</StartDateTime>
		<StartTestTime>1709835466</StartTestTime>
		<TestList/>
		<EndDateTime>Mar 07 11:17 Mountain Standard Time</EndDateTime>
		<EndTestTime>1709835466</EndTestTime>
		<ElapsedMinutes>0</ElapsedMinutes>
	</Testing>
</Site>
