<?xml version="1.0" encoding="UTF-8"?>
<Site BuildName="Win32-mingw32-make"
	BuildStamp="20240222-0106-Experimental"
	Name="Harrys-Hub"
	Generator="ctest-3.26.4"
	CompilerName="c:/mingw64/bin/g++.exe"
	CompilerVersion="13.1.0"
	OSName="Windows"
	Hostname="Harrys-Hub"
	OSRelease=" Personal"
	OSVersion=" (Build 9200)"
	OSPlatform="AMD64"
	Is64Bits="1"
	VendorString=""
	VendorID="Unknown Manufacturer"
	FamilyID="0"
	ModelID="0"
	ProcessorCacheSize="0"
	NumberOfLogicalCPU="16"
	NumberOfPhysicalCPU="8"
	TotalVirtualMemory="33470"
	TotalPhysicalMemory="16296"
	LogicalProcessorsPerPhysical="2"
	ProcessorClockFrequency="3593"
	>
	<Testing>
		<StartDateTime>Feb 21 21:45 Mountain Standard Time</StartDateTime>
		<StartTestTime>1708577108</StartTestTime>
		<TestList/>
		<EndDateTime>Feb 21 21:45 Mountain Standard Time</EndDateTime>
		<EndTestTime>1708577108</EndTestTime>
		<ElapsedMinutes>0</ElapsedMinutes>
	</Testing>
</Site>
