<?xml version="1.0" encoding="UTF-8"?>
<Site BuildName="Win32-ninja"
	BuildStamp="20240409-2017-Experimental"
	Name="NCC-1701-D"
	Generator="ctest-3.29.0-rc3"
	CompilerName="C:/mingw64/bin/g++.exe"
	CompilerVersion="13.1.0"
	OSName="Windows"
	Hostname="NCC-1701-D"
	OSRelease=" Professional"
	OSVersion=" (Build 22631)"
	OSPlatform="AMD64"
	Is64Bits="1"
	VendorString="GenuineIntel"
	VendorID="Intel Corporation"
	FamilyID="6"
	ModelID="12"
	ProcessorCacheSize="-1"
	NumberOfLogicalCPU="8"
	NumberOfPhysicalCPU="4"
	TotalVirtualMemory="27329"
	TotalPhysicalMemory="16226"
	LogicalProcessorsPerPhysical="2"
	ProcessorClockFrequency="2803"
	>
	<Testing>
		<StartDateTime>Apr 09 14:20 Mountain Daylight Time</StartDateTime>
		<StartTestTime>1712694036</StartTestTime>
		<TestList/>
		<EndDateTime>Apr 09 14:20 Mountain Daylight Time</EndDateTime>
		<EndTestTime>1712694036</EndTestTime>
		<ElapsedMinutes>0</ElapsedMinutes>
	</Testing>
</Site>
