<?xml version="1.0" encoding="UTF-8"?>
<Site BuildName="Win32-mingw32-make"
	BuildStamp="20240312-2054-Experimental"
	Name="Harrys-Hub"
	Generator="ctest-3.26.4"
	CompilerName="c:/mingw64/bin/g++.exe"
	CompilerVersion="13.1.0"
	OSName="Windows"
	Hostname="Harrys-Hub"
	OSRelease=" Personal"
	OSVersion=" (Build 9200)"
	OSPlatform="AMD64"
	Is64Bits="1"
	VendorString=""
	VendorID="Unknown Manufacturer"
	FamilyID="0"
	ModelID="0"
	ProcessorCacheSize="0"
	NumberOfLogicalCPU="16"
	NumberOfPhysicalCPU="8"
	TotalVirtualMemory="28296"
	TotalPhysicalMemory="16296"
	LogicalProcessorsPerPhysical="2"
	ProcessorClockFrequency="3593"
	>
	<Testing>
		<StartDateTime>Mar 12 17:31 Mountain Daylight Time</StartDateTime>
		<StartTestTime>1710286293</StartTestTime>
		<TestList/>
		<EndDateTime>Mar 12 17:31 Mountain Daylight Time</EndDateTime>
		<EndTestTime>1710286293</EndTestTime>
		<ElapsedMinutes>0</ElapsedMinutes>
	</Testing>
</Site>
